#
# A fatal error has been detected by the Java Runtime Environment:
#
#  SIGSEGV (0xb) at pc=0x0000000129b8fbd9, pid=62442, tid=7171
#
# JRE version: Java(TM) SE Runtime Environment (8.0_77-b03) (build 1.8.0_77-b03)
# Java VM: Java HotSpot(TM) 64-Bit Server VM (25.77-b03 mixed mode bsd-amd64 compressed oops)
# Problematic frame:
# C  [libgdx-bullet64.dylib+0xcbd9]  btQuantizedBvh::buildTree(int, int)+0xc9
#
# Failed to write core dump. Core dumps have been disabled. To enable core dumping, try "ulimit -c unlimited" before starting Java again
#
# If you would like to submit a bug report, please visit:
#   http://bugreport.java.com/bugreport/crash.jsp
# The crash happened outside the Java Virtual Machine in native code.
# See problematic frame for where to report the bug.
#

---------------  T H R E A D  ---------------

Current thread (0x00007ffc0a007000):  JavaThread "main" [_thread_in_native, id=7171, stack(0x000070000e6ff000,0x000070000e7ff000)]

siginfo: si_signo: 11 (SIGSEGV), si_code: 1 (SEGV_MAPERR), si_addr: 0x0000000000000000

Registers:
RAX=0x00007ffc086e8710, RBX=0x00007ffc086e8700, RCX=0x0000000000000000, RDX=0x0000000000000000
RSP=0x000070000e7fe220, RBP=0x000070000e7fe290, RSI=0x000000000000fffc, RDI=0x0000000000000000
R8 =0x0000000000000000, R9 =0x000070000e7fe220, R10=0x000070000e7fe214, R11=0x000070000e7fe21c
R12=0x0000000000000000, R13=0x0000000000000000, R14=0x0000000000000000, R15=0x0000000000000000
RIP=0x0000000129b8fbd9, EFLAGS=0x0000000000010206, ERR=0x0000000000000006
  TRAPNO=0x000000000000000e

Top of Stack: (sp=0x000070000e7fe220)
0x000070000e7fe220:   0000000000000000 0000000000000000
0x000070000e7fe230:   0000000000000000 0000000000000000
0x000070000e7fe240:   000000010908ea00 000000010908ea00
0x000070000e7fe250:   000070000e7fe330 00007fff90081472
0x000070000e7fe260:   cf6f7dd699ae009b 00007ffc086e8700
0x000070000e7fe270:   0000000000000000 0000000000000000
0x000070000e7fe280:   0000000000000000 0000000000000001
0x000070000e7fe290:   000070000e7fe3a0 0000000129bceab4
0x000070000e7fe2a0:   0000000000000000 0000000000000000
0x000070000e7fe2b0:   dd5e0b6bdd5e0b6b 0000000000000000
0x000070000e7fe2c0:   000000010908ea00 0000000000000117
0x000070000e7fe2d0:   0000000129e1f3f0 0000000000000012
0x000070000e7fe2e0:   0000000000000000 0000000000000000
0x000070000e7fe2f0:   000000010908b000 fd00000070001000
0x000070000e7fe300:   0000000000000000 0000000000000000
0x000070000e7fe310:   0000000000000000 0000000129e1a6b0
0x000070000e7fe320:   00007ffc086e8790 00007ffc086e8700
0x000070000e7fe330:   000070000e7fe360 00007fff90081282
0x000070000e7fe340:   0000000000000117 0000000000000010
0x000070000e7fe350:   0000000000000001 0000000000000001
0x000070000e7fe360:   000070000e7fe380 00007fff90080200
0x000070000e7fe370:   cf6f7dd699ae009b 00007ffc086e8670
0x000070000e7fe380:   0000000000000000 000000012fe30ba0
0x000070000e7fe390:   00007ffc086e8700 0000000000000001
0x000070000e7fe3a0:   000070000e7fe3c0 0000000129bc1f48
0x000070000e7fe3b0:   00007ffc086e8670 0000000000000001
0x000070000e7fe3c0:   000070000e7fe3f0 0000000129bc1fae
0x000070000e7fe3d0:   00007ffc086e8670 00007ffc086e8670
0x000070000e7fe3e0:   00007ffc086e8550 00007ffc0a007001
0x000070000e7fe3f0:   000070000e7fe420 0000000129cdd41a
0x000070000e7fe400:   0000000129cdd3e0 000000012fe30ba0
0x000070000e7fe410:   000070000e7fe4e0 00007ffc0a007000 

Instructions: (pc=0x0000000129b8fbd9)
0x0000000129b8fbb9:   0f 10 4b 28 f3 0f 5c 4b 18 f3 0f 7e 53 30 0f 59
0x0000000129b8fbc9:   d0 f3 0f 59 4b 38 f3 0f 2c f2 81 e6 fe ff 00 00
0x0000000129b8fbd9:   66 89 34 11 66 0f 70 c2 01 f3 0f 2c f0 81 e6 fe
0x0000000129b8fbe9:   ff 00 00 66 89 74 11 02 f3 0f 2c f1 81 e6 fe ff 

Register to memory mapping:

RAX=0x00007ffc086e8710 is an unknown value
RBX=0x00007ffc086e8700 is an unknown value
RCX=0x0000000000000000 is an unknown value
RDX=0x0000000000000000 is an unknown value
RSP=0x000070000e7fe220 is pointing into the stack for thread: 0x00007ffc0a007000
RBP=0x000070000e7fe290 is pointing into the stack for thread: 0x00007ffc0a007000
RSI=0x000000000000fffc is an unknown value
RDI=0x0000000000000000 is an unknown value
R8 =0x0000000000000000 is an unknown value
R9 =0x000070000e7fe220 is pointing into the stack for thread: 0x00007ffc0a007000
R10=0x000070000e7fe214 is pointing into the stack for thread: 0x00007ffc0a007000
R11=0x000070000e7fe21c is pointing into the stack for thread: 0x00007ffc0a007000
R12=0x0000000000000000 is an unknown value
R13=0x0000000000000000 is an unknown value
R14=0x0000000000000000 is an unknown value
R15=0x0000000000000000 is an unknown value


Stack: [0x000070000e6ff000,0x000070000e7ff000],  sp=0x000070000e7fe220,  free space=1020k
Native frames: (J=compiled Java code, j=interpreted, Vv=VM code, C=native code)
C  [libgdx-bullet64.dylib+0xcbd9]  btQuantizedBvh::buildTree(int, int)+0xc9
C  [libgdx-bullet64.dylib+0x4bab4]  btOptimizedBvh::build(btStridingMeshInterface*, bool, btVector3 const&, btVector3 const&)+0x3b4
C  [libgdx-bullet64.dylib+0x3ef48]  btBvhTriangleMeshShape::buildOptimizedBvh()+0x58
C  [libgdx-bullet64.dylib+0x3efae]  btBvhTriangleMeshShape::btBvhTriangleMeshShape(btStridingMeshInterface*, bool, bool)+0x4e
C  [libgdx-bullet64.dylib+0x15a41a]  Java_com_badlogic_gdx_physics_bullet_collision_CollisionJNI_new_1btBvhTriangleMeshShape_1_1SWIG_11+0x3a
j  com.badlogic.gdx.physics.bullet.collision.CollisionJNI.new_btBvhTriangleMeshShape__SWIG_1(ZJLcom/badlogic/gdx/physics/bullet/collision/btStridingMeshInterface;Z)J+0
j  com.badlogic.gdx.physics.bullet.collision.btBvhTriangleMeshShape.<init>(ZLcom/badlogic/gdx/physics/bullet/collision/btStridingMeshInterface;Z)V+8
j  com.badlogic.gdx.physics.bullet.collision.btBvhTriangleMeshShape.<init>(ILcom/badlogic/gdx/physics/bullet/collision/btStridingMeshInterface;Z)V+4
j  com.badlogic.gdx.physics.bullet.collision.btBvhTriangleMeshShape.<init>(Lcom/badlogic/gdx/physics/bullet/collision/btStridingMeshInterface;Z)V+4
j  engine.physics.PhysicsObject.<init>(Ljava/lang/String;FLcom/badlogic/gdx/physics/bullet/collision/btCollisionShape;)V+106
j  engine.physics.PhysicsObject.<init>(Ljava/lang/String;F)V+4
j  engine.physics.PhysicsObject.<init>(Ljava/lang/String;Z)V+12
j  golf.GolfGame$1.<init>(Lgolf/GolfGame;Ljava/lang/String;Z)V+8
j  golf.GolfGame.initialize(Lengine/GameUniverse;)V+87
j  engine.GameCanvas.<init>(Lengine/Game;)V+152
j  golf.Main.main([Ljava/lang/String;)V+24
v  ~StubRoutines::call_stub
V  [libjvm.dylib+0x2ea39e]  JavaCalls::call_helper(JavaValue*, methodHandle*, JavaCallArguments*, Thread*)+0x6ae
V  [libjvm.dylib+0x321110]  jni_invoke_static(JNIEnv_*, JavaValue*, _jobject*, JNICallType, _jmethodID*, JNI_ArgumentPusher*, Thread*)+0x1bf
V  [libjvm.dylib+0x319e8a]  jni_CallStaticVoidMethod+0x15d
C  [java+0x393e]  JavaMain+0x9b1
C  [libsystem_pthread.dylib+0x393b]  _pthread_body+0xb4
C  [libsystem_pthread.dylib+0x3887]  _pthread_body+0x0
C  [libsystem_pthread.dylib+0x308d]  thread_start+0xd
C  0x0000000000000000

Java frames: (J=compiled Java code, j=interpreted, Vv=VM code)
j  com.badlogic.gdx.physics.bullet.collision.CollisionJNI.new_btBvhTriangleMeshShape__SWIG_1(ZJLcom/badlogic/gdx/physics/bullet/collision/btStridingMeshInterface;Z)J+0
j  com.badlogic.gdx.physics.bullet.collision.btBvhTriangleMeshShape.<init>(ZLcom/badlogic/gdx/physics/bullet/collision/btStridingMeshInterface;Z)V+8
j  com.badlogic.gdx.physics.bullet.collision.btBvhTriangleMeshShape.<init>(ILcom/badlogic/gdx/physics/bullet/collision/btStridingMeshInterface;Z)V+4
j  com.badlogic.gdx.physics.bullet.collision.btBvhTriangleMeshShape.<init>(Lcom/badlogic/gdx/physics/bullet/collision/btStridingMeshInterface;Z)V+4
j  engine.physics.PhysicsObject.<init>(Ljava/lang/String;FLcom/badlogic/gdx/physics/bullet/collision/btCollisionShape;)V+106
j  engine.physics.PhysicsObject.<init>(Ljava/lang/String;F)V+4
j  engine.physics.PhysicsObject.<init>(Ljava/lang/String;Z)V+12
j  golf.GolfGame$1.<init>(Lgolf/GolfGame;Ljava/lang/String;Z)V+8
j  golf.GolfGame.initialize(Lengine/GameUniverse;)V+87
j  engine.GameCanvas.<init>(Lengine/Game;)V+152
j  golf.Main.main([Ljava/lang/String;)V+24
v  ~StubRoutines::call_stub

---------------  P R O C E S S  ---------------

Java Threads: ( => current thread )
  0x00007ffc0aa84800 JavaThread "J3D-Renderer-1" [_thread_blocked, id=71171, stack(0x0000700010562000,0x0000700010662000)]
  0x00007ffc0aa83800 JavaThread "J3D-MasterControl-1" [_thread_blocked, id=70659, stack(0x000070001045f000,0x000070001055f000)]
  0x00007ffc0aa4e800 JavaThread "J3D-NotificationThread" [_thread_blocked, id=70147, stack(0x000070001035c000,0x000070001045c000)]
  0x00007ffc0aa5b000 JavaThread "J3D-TimerThread" [_thread_blocked, id=69651, stack(0x0000700010259000,0x0000700010359000)]
  0x00007ffc0aa4d800 JavaThread "J3D-RenderingAttributesStructureUpdateThread" [_thread_blocked, id=69147, stack(0x0000700010156000,0x0000700010256000)]
  0x00007ffc0b2c0000 JavaThread "AWT-EventQueue-0" [_thread_blocked, id=67871, stack(0x0000700010053000,0x0000700010153000)]
  0x00007ffc0b220800 JavaThread "Java2D Disposer" daemon [_thread_blocked, id=62467, stack(0x000070000ff50000,0x0000700010050000)]
  0x00007ffc0a9ca800 JavaThread "Java2D Queue Flusher" daemon [_thread_blocked, id=59911, stack(0x000070000fdca000,0x000070000feca000)]
  0x00007ffc0a9bf800 JavaThread "AWT-Shutdown" [_thread_blocked, id=32287, stack(0x000070000fabb000,0x000070000fbbb000)]
  0x00007ffc08870000 JavaThread "AWT-AppKit" daemon [_thread_in_native, id=775, stack(0x00007fff56391000,0x00007fff56b91000)]
  0x00007ffc0881a000 JavaThread "Service Thread" daemon [_thread_blocked, id=21251, stack(0x000070000f832000,0x000070000f932000)]
  0x00007ffc0a85d000 JavaThread "C1 CompilerThread3" daemon [_thread_blocked, id=20739, stack(0x000070000f72f000,0x000070000f82f000)]
  0x00007ffc08803800 JavaThread "C2 CompilerThread2" daemon [_thread_blocked, id=20227, stack(0x000070000f62c000,0x000070000f72c000)]
  0x00007ffc0a85c800 JavaThread "C2 CompilerThread1" daemon [_thread_blocked, id=19715, stack(0x000070000f529000,0x000070000f629000)]
  0x00007ffc0a85a800 JavaThread "C2 CompilerThread0" daemon [_thread_blocked, id=19203, stack(0x000070000f426000,0x000070000f526000)]
  0x00007ffc0a85a000 JavaThread "Signal Dispatcher" daemon [_thread_blocked, id=18691, stack(0x000070000f323000,0x000070000f423000)]
  0x00007ffc0a04a800 JavaThread "Finalizer" daemon [_thread_blocked, id=14595, stack(0x000070000f220000,0x000070000f320000)]
  0x00007ffc0a004800 JavaThread "Reference Handler" daemon [_thread_blocked, id=14083, stack(0x000070000f11d000,0x000070000f21d000)]
=>0x00007ffc0a007000 JavaThread "main" [_thread_in_native, id=7171, stack(0x000070000e6ff000,0x000070000e7ff000)]

Other Threads:
  0x00007ffc0a822000 VMThread [stack: 0x000070000f01a000,0x000070000f11a000] [id=13571]
  0x00007ffc0b003000 WatcherThread [stack: 0x000070000f935000,0x000070000fa35000] [id=21763]

VM state:not at safepoint (normal execution)

VM Mutex/Monitor currently owned by a thread: None

Heap:
 PSYoungGen      total 76288K, used 16328K [0x000000076ab00000, 0x0000000774000000, 0x00000007c0000000)
  eden space 65536K, 8% used [0x000000076ab00000,0x000000076b074970,0x000000076eb00000)
  from space 10752K, 99% used [0x000000076f580000,0x000000076fffd940,0x0000000770000000)
  to   space 10752K, 0% used [0x000000076eb00000,0x000000076eb00000,0x000000076f580000)
 ParOldGen       total 175104K, used 2578K [0x00000006c0000000, 0x00000006cab00000, 0x000000076ab00000)
  object space 175104K, 1% used [0x00000006c0000000,0x00000006c02848a8,0x00000006cab00000)
 Metaspace       used 18910K, capacity 19152K, committed 19328K, reserved 1067008K
  class space    used 1836K, capacity 1920K, committed 1920K, reserved 1048576K

Card table byte_map: [0x000000010b54f000,0x000000010bd50000] byte_map_base: 0x0000000107f4f000

Marking Bits: (ParMarkBitMap*) 0x000000010aae3ea0
 Begin Bits: [0x0000000121b83000, 0x0000000125b83000)
 End Bits:   [0x0000000125b83000, 0x0000000129b83000)

Polling page: 0x000000010912f000

CodeCache: size=245760Kb used=3981Kb max_used=3981Kb free=241778Kb
 bounds [0x0000000112b83000, 0x0000000112f73000, 0x0000000121b83000]
 total_blobs=1973 nmethods=886 adapters=1001
 compilation: enabled

Compilation events (10 events):
Event: 3.161 Thread 0x00007ffc0a85d000 nmethod 878 0x0000000112f58a50 code [0x0000000112f58be0, 0x0000000112f58fe8]
Event: 3.168 Thread 0x00007ffc0a85d000  879       3       com.sun.j3d.loaders.objectfile.ObjectFileMaterials::readSpecular (60 bytes)
Event: 3.169 Thread 0x00007ffc0a85d000 nmethod 879 0x0000000112f59390 code [0x0000000112f59560, 0x0000000112f59af8]
Event: 3.169 Thread 0x00007ffc0a85d000  881       3       com.sun.j3d.loaders.objectfile.ObjectFileMaterials::readDiffuse (60 bytes)
Event: 3.169 Thread 0x00007ffc0a85d000 nmethod 881 0x0000000112f59dd0 code [0x0000000112f59fa0, 0x0000000112f5a538]
Event: 3.169 Thread 0x00007ffc0a85d000  882       3       com.sun.j3d.loaders.objectfile.ObjectFileMaterials::readIllum (21 bytes)
Event: 3.169 Thread 0x00007ffc0a85d000 nmethod 882 0x0000000112f5a810 code [0x0000000112f5a9c0, 0x0000000112f5ad38]
Event: 3.169 Thread 0x00007ffc0a85d000  884   !   3       sun.misc.FloatingDecimal::readJavaFormatString (794 bytes)
Event: 3.169 Thread 0x00007ffc08803800  885       4       sun.misc.FloatingDecimal$ASCIIToBinaryBuffer::<init> (26 bytes)
Event: 3.170 Thread 0x00007ffc08803800 nmethod 885 0x0000000112f5db50 code [0x0000000112f5dca0, 0x0000000112f5dd38]

GC Heap History (4 events):
Event: 2.926 GC heap before
{Heap before GC invocations=1 (full 0):
 PSYoungGen      total 76288K, used 65536K [0x000000076ab00000, 0x0000000770000000, 0x00000007c0000000)
  eden space 65536K, 100% used [0x000000076ab00000,0x000000076eb00000,0x000000076eb00000)
  from space 10752K, 0% used [0x000000076f580000,0x000000076f580000,0x0000000770000000)
  to   space 10752K, 0% used [0x000000076eb00000,0x000000076eb00000,0x000000076f580000)
 ParOldGen       total 175104K, used 0K [0x00000006c0000000, 0x00000006cab00000, 0x000000076ab00000)
  object space 175104K, 0% used [0x00000006c0000000,0x00000006c0000000,0x00000006cab00000)
 Metaspace       used 18378K, capacity 18576K, committed 18816K, reserved 1067008K
  class space    used 1772K, capacity 1856K, committed 1920K, reserved 1048576K
Event: 2.933 GC heap after
Heap after GC invocations=1 (full 0):
 PSYoungGen      total 76288K, used 8468K [0x000000076ab00000, 0x0000000770000000, 0x00000007c0000000)
  eden space 65536K, 0% used [0x000000076ab00000,0x000000076ab00000,0x000000076eb00000)
  from space 10752K, 78% used [0x000000076eb00000,0x000000076f3452e0,0x000000076f580000)
  to   space 10752K, 0% used [0x000000076f580000,0x000000076f580000,0x0000000770000000)
 ParOldGen       total 175104K, used 16K [0x00000006c0000000, 0x00000006cab00000, 0x000000076ab00000)
  object space 175104K, 0% used [0x00000006c0000000,0x00000006c0004000,0x00000006cab00000)
 Metaspace       used 18378K, capacity 18576K, committed 18816K, reserved 1067008K
  class space    used 1772K, capacity 1856K, committed 1920K, reserved 1048576K
}
Event: 3.120 GC heap before
{Heap before GC invocations=2 (full 0):
 PSYoungGen      total 76288K, used 74004K [0x000000076ab00000, 0x0000000770000000, 0x00000007c0000000)
  eden space 65536K, 100% used [0x000000076ab00000,0x000000076eb00000,0x000000076eb00000)
  from space 10752K, 78% used [0x000000076eb00000,0x000000076f3452e0,0x000000076f580000)
  to   space 10752K, 0% used [0x000000076f580000,0x000000076f580000,0x0000000770000000)
 ParOldGen       total 175104K, used 16K [0x00000006c0000000, 0x00000006cab00000, 0x000000076ab00000)
  object space 175104K, 0% used [0x00000006c0000000,0x00000006c0004000,0x00000006cab00000)
 Metaspace       used 18632K, capacity 18864K, committed 19072K, reserved 1067008K
  class space    used 1817K, capacity 1888K, committed 1920K, reserved 1048576K
Event: 3.132 GC heap after
Heap after GC invocations=2 (full 0):
 PSYoungGen      total 76288K, used 10742K [0x000000076ab00000, 0x0000000774000000, 0x00000007c0000000)
  eden space 65536K, 0% used [0x000000076ab00000,0x000000076ab00000,0x000000076eb00000)
  from space 10752K, 99% used [0x000000076f580000,0x000000076fffd940,0x0000000770000000)
  to   space 10752K, 0% used [0x000000076eb00000,0x000000076eb00000,0x000000076f580000)
 ParOldGen       total 175104K, used 2578K [0x00000006c0000000, 0x00000006cab00000, 0x000000076ab00000)
  object space 175104K, 1% used [0x00000006c0000000,0x00000006c02848a8,0x00000006cab00000)
 Metaspace       used 18632K, capacity 18864K, committed 19072K, reserved 1067008K
  class space    used 1817K, capacity 1888K, committed 1920K, reserved 1048576K
}

Deoptimization events (10 events):
Event: 0.539 Thread 0x00007ffc0a007000 Uncommon trap: reason=unstable_if action=reinterpret pc=0x0000000112da2b34 method=java.util.regex.Pattern$Single.isSatisfiedBy(I)Z @ 5
Event: 2.776 Thread 0x00007ffc0a007000 Uncommon trap: reason=unstable_if action=reinterpret pc=0x0000000112e8f034 method=java.io.UnixFileSystem.normalize(Ljava/lang/String;)Ljava/lang/String; @ 34
Event: 2.826 Thread 0x00007ffc0a007000 Uncommon trap: reason=unstable_if action=reinterpret pc=0x0000000112d35b30 method=java.lang.String.replace(CC)Ljava/lang/String; @ 26
Event: 2.833 Thread 0x00007ffc0a007000 Uncommon trap: reason=unstable_if action=reinterpret pc=0x0000000112ec5c44 method=java.io.StringReader.read()I @ 19
Event: 2.840 Thread 0x00007ffc0a007000 Uncommon trap: reason=unstable_if action=reinterpret pc=0x0000000112edca1c method=java.io.BufferedReader.read()I @ 19
Event: 2.880 Thread 0x00007ffc0a007000 Uncommon trap: reason=unstable_if action=reinterpret pc=0x0000000112f0ab7c method=java.io.BufferedReader.read()I @ 19
Event: 2.991 Thread 0x00007ffc0a007000 Uncommon trap: reason=unstable_if action=reinterpret pc=0x0000000112f2630c method=com.sun.j3d.loaders.objectfile.ObjectFile.readFile(Lcom/sun/j3d/loaders/objectfile/ObjectFileParser;)V @ 70
Event: 2.991 Thread 0x00007ffc0a007000 Uncommon trap: reason=unstable_if action=reinterpret pc=0x0000000112f13214 method=java.io.StreamTokenizer.nextToken()I @ 4
Event: 3.169 Thread 0x00007ffc0a007000 Uncommon trap: reason=unstable_if action=reinterpret pc=0x0000000112efeeec method=sun.misc.FloatingDecimal.readJavaFormatString(Ljava/lang/String;)Lsun/misc/FloatingDecimal$ASCIIToBinaryConverter; @ 733
Event: 3.169 Thread 0x00007ffc0a007000 Uncommon trap: reason=unstable_if action=reinterpret pc=0x0000000112f4e30c method=com.sun.j3d.loaders.objectfile.ObjectFile.readFace(Lcom/sun/j3d/loaders/objectfile/ObjectFileParser;)V @ 96

Internal exceptions (10 events):
Event: 0.498 Thread 0x00007ffc0a007000 Exception <a 'java/lang/UnsatisfiedLinkError': com.jogamp.common.util.JarUtil.fixNativeLibAttribs(Ljava/lang/String;)Z> (0x000000076b7ec6f8) thrown at [/Users/java_re/workspace/8-2-build-macosx-x86_64/jdk8u77/6540/hotspot/src/share/vm/prims/nativeLookup.c
Event: 2.934 Thread 0x00007ffc0a04a800 Exception <a 'java/lang/NullPointerException'> (0x000000076ac38310) thrown at [/Users/java_re/workspace/8-2-build-macosx-x86_64/jdk8u77/6540/hotspot/src/share/vm/interpreter/linkResolver.cpp, line 1280]
Event: 2.934 Thread 0x00007ffc0a04a800 Exception <a 'java/lang/NullPointerException'> (0x000000076ac38930) thrown at [/Users/java_re/workspace/8-2-build-macosx-x86_64/jdk8u77/6540/hotspot/src/share/vm/interpreter/linkResolver.cpp, line 1280]
Event: 2.935 Thread 0x00007ffc0a04a800 Exception <a 'java/lang/NullPointerException'> (0x000000076ac390b0) thrown at [/Users/java_re/workspace/8-2-build-macosx-x86_64/jdk8u77/6540/hotspot/src/share/vm/interpreter/linkResolver.cpp, line 1280]
Event: 2.935 Thread 0x00007ffc0a04a800 Exception <a 'java/lang/NullPointerException'> (0x000000076ac395b0) thrown at [/Users/java_re/workspace/8-2-build-macosx-x86_64/jdk8u77/6540/hotspot/src/share/vm/interpreter/linkResolver.cpp, line 1280]
Event: 2.935 Thread 0x00007ffc0a04a800 Exception <a 'java/lang/NullPointerException'> (0x000000076ac39c80) thrown at [/Users/java_re/workspace/8-2-build-macosx-x86_64/jdk8u77/6540/hotspot/src/share/vm/interpreter/linkResolver.cpp, line 1280]
Event: 2.935 Thread 0x00007ffc0a04a800 Exception <a 'java/lang/NullPointerException'> (0x000000076ac3a290) thrown at [/Users/java_re/workspace/8-2-build-macosx-x86_64/jdk8u77/6540/hotspot/src/share/vm/interpreter/linkResolver.cpp, line 1280]
Event: 2.935 Thread 0x00007ffc0a04a800 Exception <a 'java/lang/NullPointerException'> (0x000000076ac3a938) thrown at [/Users/java_re/workspace/8-2-build-macosx-x86_64/jdk8u77/6540/hotspot/src/share/vm/interpreter/linkResolver.cpp, line 1280]
Event: 2.935 Thread 0x00007ffc0a04a800 Exception <a 'java/lang/NullPointerException'> (0x000000076ac3af30) thrown at [/Users/java_re/workspace/8-2-build-macosx-x86_64/jdk8u77/6540/hotspot/src/share/vm/interpreter/linkResolver.cpp, line 1280]
Event: 3.169 Thread 0x00007ffc0a007000 Exception <a 'java/io/FileNotFoundException'> (0x000000076af59bd8) thrown at [/Users/java_re/workspace/8-2-build-macosx-x86_64/jdk8u77/6540/hotspot/src/share/vm/prims/jni.cpp, line 709]

Events (10 events):
Event: 3.169 Thread 0x00007ffc0a007000 DEOPT UNPACKING pc=0x0000000112b88229 sp=0x000070000e7fe348 mode 2
Event: 3.169 Thread 0x00007ffc0a007000 Uncommon trap: trap_request=0xffffff65 fr.pc=0x0000000112f4e30c
Event: 3.169 Thread 0x00007ffc0a007000 DEOPT PACKING pc=0x0000000112f4e30c sp=0x000070000e7fe420
Event: 3.169 Thread 0x00007ffc0a007000 DEOPT UNPACKING pc=0x0000000112b88229 sp=0x000070000e7fe408 mode 2
Event: 3.170 loading class java/lang/Throwable$WrappedPrintStream
Event: 3.170 loading class java/lang/Throwable$PrintStreamOrWriter
Event: 3.170 loading class java/lang/Throwable$PrintStreamOrWriter done
Event: 3.170 loading class java/lang/Throwable$WrappedPrintStream done
Event: 3.170 loading class java/util/IdentityHashMap$KeySet
Event: 3.171 loading class java/util/IdentityHashMap$KeySet done


Dynamic libraries:
0x000000000530d000 	/System/Library/Frameworks/Cocoa.framework/Versions/A/Cocoa
0x000000000530d000 	/System/Library/Frameworks/Security.framework/Versions/A/Security
0x000000000530d000 	/System/Library/Frameworks/ApplicationServices.framework/Versions/A/ApplicationServices
0x000000000530d000 	/usr/lib/libz.1.dylib
0x000000000530d000 	/usr/lib/libSystem.B.dylib
0x000000000530d000 	/usr/lib/libobjc.A.dylib
0x000000000530d000 	/System/Library/Frameworks/CoreFoundation.framework/Versions/A/CoreFoundation
0x000000000530d000 	/System/Library/Frameworks/Foundation.framework/Versions/C/Foundation
0x000000000530d000 	/System/Library/Frameworks/AppKit.framework/Versions/C/AppKit
0x000000000530d000 	/System/Library/Frameworks/CoreData.framework/Versions/A/CoreData
0x000000000530d000 	/System/Library/PrivateFrameworks/RemoteViewServices.framework/Versions/A/RemoteViewServices
0x000000000530d000 	/System/Library/PrivateFrameworks/UIFoundation.framework/Versions/A/UIFoundation
0x000000000530d000 	/System/Library/PrivateFrameworks/DFRFoundation.framework/Versions/A/DFRFoundation
0x000000000530d000 	/usr/lib/libenergytrace.dylib
0x000000000530d000 	/System/Library/PrivateFrameworks/SkyLight.framework/Versions/A/SkyLight
0x000000000530d000 	/System/Library/Frameworks/CoreGraphics.framework/Versions/A/CoreGraphics
0x000000000530d000 	/usr/lib/libScreenReader.dylib
0x000000000530d000 	/System/Library/Frameworks/Accelerate.framework/Versions/A/Accelerate
0x000000000530d000 	/System/Library/Frameworks/IOSurface.framework/Versions/A/IOSurface
0x000000000530d000 	/System/Library/Frameworks/AudioToolbox.framework/Versions/A/AudioToolbox
0x000000000530d000 	/System/Library/Frameworks/AudioUnit.framework/Versions/A/AudioUnit
0x000000000530d000 	/System/Library/PrivateFrameworks/DataDetectorsCore.framework/Versions/A/DataDetectorsCore
0x000000000530d000 	/System/Library/PrivateFrameworks/DesktopServicesPriv.framework/Versions/A/DesktopServicesPriv
0x000000000530d000 	/System/Library/Frameworks/Carbon.framework/Versions/A/Frameworks/HIToolbox.framework/Versions/A/HIToolbox
0x000000000530d000 	/usr/lib/libicucore.A.dylib
0x000000000530d000 	/System/Library/Frameworks/QuartzCore.framework/Versions/A/QuartzCore
0x000000000530d000 	/System/Library/Frameworks/Carbon.framework/Versions/A/Frameworks/SpeechRecognition.framework/Versions/A/SpeechRecognition
0x000000000530d000 	/usr/lib/libauto.dylib
0x000000000530d000 	/usr/lib/libxml2.2.dylib
0x000000000530d000 	/System/Library/PrivateFrameworks/CoreUI.framework/Versions/A/CoreUI
0x000000000530d000 	/System/Library/Frameworks/CoreAudio.framework/Versions/A/CoreAudio
0x000000000530d000 	/System/Library/Frameworks/DiskArbitration.framework/Versions/A/DiskArbitration
0x000000000530d000 	/usr/lib/liblangid.dylib
0x000000000530d000 	/System/Library/PrivateFrameworks/MultitouchSupport.framework/Versions/A/MultitouchSupport
0x000000000530d000 	/System/Library/Frameworks/IOKit.framework/Versions/A/IOKit
0x000000000530d000 	/usr/lib/libDiagnosticMessagesClient.dylib
0x000000000530d000 	/System/Library/Frameworks/CoreServices.framework/Versions/A/CoreServices
0x000000000530d000 	/System/Library/PrivateFrameworks/PerformanceAnalysis.framework/Versions/A/PerformanceAnalysis
0x000000000530d000 	/System/Library/PrivateFrameworks/GenerationalStorage.framework/Versions/A/GenerationalStorage
0x000000000530d000 	/System/Library/Frameworks/OpenGL.framework/Versions/A/OpenGL
0x000000000530d000 	/System/Library/Frameworks/CoreImage.framework/Versions/A/CoreImage
0x000000000530d000 	/System/Library/Frameworks/CoreText.framework/Versions/A/CoreText
0x000000000530d000 	/System/Library/Frameworks/ImageIO.framework/Versions/A/ImageIO
0x000000000530d000 	/System/Library/PrivateFrameworks/Backup.framework/Versions/A/Backup
0x000000000530d000 	/usr/lib/libarchive.2.dylib
0x000000000530d000 	/System/Library/Frameworks/CFNetwork.framework/Versions/A/CFNetwork
0x000000000530d000 	/System/Library/Frameworks/SystemConfiguration.framework/Versions/A/SystemConfiguration
0x000000000530d000 	/usr/lib/libCRFSuite.dylib
0x000000000530d000 	/usr/lib/libc++.1.dylib
0x000000000530d000 	/usr/lib/libc++abi.dylib
0x000000000530d000 	/usr/lib/system/libcache.dylib
0x000000000530d000 	/usr/lib/system/libcommonCrypto.dylib
0x000000000530d000 	/usr/lib/system/libcompiler_rt.dylib
0x000000000530d000 	/usr/lib/system/libcopyfile.dylib
0x000000000530d000 	/usr/lib/system/libcorecrypto.dylib
0x000000000530d000 	/usr/lib/system/libdispatch.dylib
0x000000000530d000 	/usr/lib/system/libdyld.dylib
0x000000000530d000 	/usr/lib/system/libkeymgr.dylib
0x000000000530d000 	/usr/lib/system/liblaunch.dylib
0x000000000530d000 	/usr/lib/system/libmacho.dylib
0x000000000530d000 	/usr/lib/system/libquarantine.dylib
0x000000000530d000 	/usr/lib/system/libremovefile.dylib
0x000000000530d000 	/usr/lib/system/libsystem_asl.dylib
0x000000000530d000 	/usr/lib/system/libsystem_blocks.dylib
0x000000000530d000 	/usr/lib/system/libsystem_c.dylib
0x000000000530d000 	/usr/lib/system/libsystem_configuration.dylib
0x000000000530d000 	/usr/lib/system/libsystem_coreservices.dylib
0x000000000530d000 	/usr/lib/system/libsystem_coretls.dylib
0x000000000530d000 	/usr/lib/system/libsystem_dnssd.dylib
0x000000000530d000 	/usr/lib/system/libsystem_info.dylib
0x000000000530d000 	/usr/lib/system/libsystem_kernel.dylib
0x000000000530d000 	/usr/lib/system/libsystem_m.dylib
0x000000000530d000 	/usr/lib/system/libsystem_malloc.dylib
0x000000000530d000 	/usr/lib/system/libsystem_network.dylib
0x000000000530d000 	/usr/lib/system/libsystem_networkextension.dylib
0x000000000530d000 	/usr/lib/system/libsystem_notify.dylib
0x000000000530d000 	/usr/lib/system/libsystem_platform.dylib
0x000000000530d000 	/usr/lib/system/libsystem_pthread.dylib
0x000000000530d000 	/usr/lib/system/libsystem_sandbox.dylib
0x000000000530d000 	/usr/lib/system/libsystem_secinit.dylib
0x000000000530d000 	/usr/lib/system/libsystem_symptoms.dylib
0x000000000530d000 	/usr/lib/system/libsystem_trace.dylib
0x000000000530d000 	/usr/lib/system/libunwind.dylib
0x000000000530d000 	/usr/lib/system/libxpc.dylib
0x000000000530d000 	/usr/lib/libbsm.0.dylib
0x000000000530d000 	/usr/lib/system/libkxld.dylib
0x000000000530d000 	/usr/lib/libcoretls.dylib
0x000000000530d000 	/usr/lib/libcoretls_cfhelpers.dylib
0x000000000530d000 	/usr/lib/libOpenScriptingUtil.dylib
0x000000000530d000 	/usr/lib/libpam.2.dylib
0x000000000530d000 	/usr/lib/libsqlite3.dylib
0x000000000530d000 	/usr/lib/libxar.1.dylib
0x000000000530d000 	/usr/lib/libbz2.1.0.dylib
0x000000000530d000 	/usr/lib/liblzma.5.dylib
0x000000000530d000 	/usr/lib/libnetwork.dylib
0x000000000530d000 	/usr/lib/libpcap.A.dylib
0x000000000530d000 	/System/Library/Frameworks/CoreServices.framework/Versions/A/Frameworks/FSEvents.framework/Versions/A/FSEvents
0x000000000530d000 	/System/Library/Frameworks/CoreServices.framework/Versions/A/Frameworks/CarbonCore.framework/Versions/A/CarbonCore
0x000000000530d000 	/System/Library/Frameworks/CoreServices.framework/Versions/A/Frameworks/Metadata.framework/Versions/A/Metadata
0x000000000530d000 	/System/Library/Frameworks/CoreServices.framework/Versions/A/Frameworks/OSServices.framework/Versions/A/OSServices
0x000000000530d000 	/System/Library/Frameworks/CoreServices.framework/Versions/A/Frameworks/SearchKit.framework/Versions/A/SearchKit
0x000000000530d000 	/System/Library/Frameworks/CoreServices.framework/Versions/A/Frameworks/AE.framework/Versions/A/AE
0x000000000530d000 	/System/Library/Frameworks/CoreServices.framework/Versions/A/Frameworks/LaunchServices.framework/Versions/A/LaunchServices
0x000000000530d000 	/System/Library/Frameworks/CoreServices.framework/Versions/A/Frameworks/DictionaryServices.framework/Versions/A/DictionaryServices
0x000000000530d000 	/System/Library/Frameworks/CoreServices.framework/Versions/A/Frameworks/SharedFileList.framework/Versions/A/SharedFileList
0x000000000530d000 	/System/Library/Frameworks/NetFS.framework/Versions/A/NetFS
0x000000000530d000 	/System/Library/PrivateFrameworks/NetAuth.framework/Versions/A/NetAuth
0x000000000530d000 	/System/Library/PrivateFrameworks/login.framework/Versions/A/Frameworks/loginsupport.framework/Versions/A/loginsupport
0x000000000530d000 	/System/Library/PrivateFrameworks/TCC.framework/Versions/A/TCC
0x000000000530d000 	/usr/lib/libmecabra.dylib
0x000000000530d000 	/System/Library/Frameworks/ApplicationServices.framework/Versions/A/Frameworks/ATS.framework/Versions/A/ATS
0x000000000530d000 	/System/Library/Frameworks/ApplicationServices.framework/Versions/A/Frameworks/ColorSync.framework/Versions/A/ColorSync
0x000000000530d000 	/System/Library/Frameworks/ApplicationServices.framework/Versions/A/Frameworks/HIServices.framework/Versions/A/HIServices
0x000000000530d000 	/System/Library/Frameworks/ApplicationServices.framework/Versions/A/Frameworks/LangAnalysis.framework/Versions/A/LangAnalysis
0x000000000530d000 	/System/Library/Frameworks/ApplicationServices.framework/Versions/A/Frameworks/PrintCore.framework/Versions/A/PrintCore
0x000000000530d000 	/System/Library/Frameworks/ApplicationServices.framework/Versions/A/Frameworks/QD.framework/Versions/A/QD
0x000000000530d000 	/System/Library/Frameworks/ApplicationServices.framework/Versions/A/Frameworks/SpeechSynthesis.framework/Versions/A/SpeechSynthesis
0x000000000530d000 	/System/Library/Frameworks/Accelerate.framework/Versions/A/Frameworks/vImage.framework/Versions/A/vImage
0x000000000530d000 	/System/Library/Frameworks/Accelerate.framework/Versions/A/Frameworks/vecLib.framework/Versions/A/vecLib
0x000000000530d000 	/System/Library/Frameworks/Accelerate.framework/Versions/A/Frameworks/vecLib.framework/Versions/A/libvDSP.dylib
0x000000000530d000 	/System/Library/Frameworks/Accelerate.framework/Versions/A/Frameworks/vecLib.framework/Versions/A/libBNNS.dylib
0x000000000530d000 	/System/Library/Frameworks/Accelerate.framework/Versions/A/Frameworks/vecLib.framework/Versions/A/libQuadrature.dylib
0x000000000530d000 	/System/Library/Frameworks/Accelerate.framework/Versions/A/Frameworks/vecLib.framework/Versions/A/libvMisc.dylib
0x000000000530d000 	/System/Library/Frameworks/Accelerate.framework/Versions/A/Frameworks/vecLib.framework/Versions/A/libLAPACK.dylib
0x000000000530d000 	/System/Library/Frameworks/Accelerate.framework/Versions/A/Frameworks/vecLib.framework/Versions/A/libBLAS.dylib
0x000000000530d000 	/System/Library/Frameworks/Accelerate.framework/Versions/A/Frameworks/vecLib.framework/Versions/A/libLinearAlgebra.dylib
0x000000000530d000 	/System/Library/Frameworks/Accelerate.framework/Versions/A/Frameworks/vecLib.framework/Versions/A/libSparseBLAS.dylib
0x000000000530d000 	/System/Library/Frameworks/ApplicationServices.framework/Versions/A/Frameworks/ATS.framework/Versions/A/Resources/libFontParser.dylib
0x000000000530d000 	/System/Library/Frameworks/ApplicationServices.framework/Versions/A/Frameworks/ATS.framework/Versions/A/Resources/libFontRegistry.dylib
0x000000000530d000 	/System/Library/Frameworks/ImageIO.framework/Versions/A/Resources/libJPEG.dylib
0x000000000530d000 	/System/Library/Frameworks/ImageIO.framework/Versions/A/Resources/libTIFF.dylib
0x000000000530d000 	/System/Library/Frameworks/ImageIO.framework/Versions/A/Resources/libPng.dylib
0x000000000530d000 	/System/Library/Frameworks/ImageIO.framework/Versions/A/Resources/libGIF.dylib
0x000000000530d000 	/System/Library/Frameworks/ImageIO.framework/Versions/A/Resources/libJP2.dylib
0x000000000530d000 	/System/Library/Frameworks/ImageIO.framework/Versions/A/Resources/libRadiance.dylib
0x000000000530d000 	/usr/lib/libcompression.dylib
0x000000000530d000 	/System/Library/PrivateFrameworks/AppleJPEG.framework/Versions/A/AppleJPEG
0x000000000530d000 	/usr/lib/libcups.2.dylib
0x000000000530d000 	/System/Library/Frameworks/Kerberos.framework/Versions/A/Kerberos
0x000000000530d000 	/System/Library/Frameworks/GSS.framework/Versions/A/GSS
0x000000000530d000 	/usr/lib/libresolv.9.dylib
0x000000000530d000 	/usr/lib/libiconv.2.dylib
0x000000000530d000 	/System/Library/PrivateFrameworks/Heimdal.framework/Versions/A/Heimdal
0x000000000530d000 	/usr/lib/libheimdal-asn1.dylib
0x000000000530d000 	/System/Library/Frameworks/OpenDirectory.framework/Versions/A/OpenDirectory
0x000000000530d000 	/System/Library/PrivateFrameworks/CommonAuth.framework/Versions/A/CommonAuth
0x000000000530d000 	/System/Library/Frameworks/OpenDirectory.framework/Versions/A/Frameworks/CFOpenDirectory.framework/Versions/A/CFOpenDirectory
0x000000000530d000 	/System/Library/Frameworks/SecurityFoundation.framework/Versions/A/SecurityFoundation
0x000000000530d000 	/System/Library/PrivateFrameworks/LanguageModeling.framework/Versions/A/LanguageModeling
0x000000000530d000 	/usr/lib/libmarisa.dylib
0x000000000530d000 	/usr/lib/libChineseTokenizer.dylib
0x000000000530d000 	/usr/lib/libcmph.dylib
0x000000000530d000 	/System/Library/PrivateFrameworks/CoreEmoji.framework/Versions/A/CoreEmoji
0x000000000530d000 	/System/Library/Frameworks/ServiceManagement.framework/Versions/A/ServiceManagement
0x000000000530d000 	/usr/lib/libxslt.1.dylib
0x000000000530d000 	/System/Library/Frameworks/Carbon.framework/Versions/A/Frameworks/Ink.framework/Versions/A/Ink
0x000000000530d000 	/System/Library/PrivateFrameworks/TextureIO.framework/Versions/A/TextureIO
0x000000000530d000 	/System/Library/Frameworks/Metal.framework/Versions/A/Metal
0x000000000530d000 	/usr/lib/libate.dylib
0x000000000530d000 	/System/Library/PrivateFrameworks/GPUCompiler.framework/libmetal_timestamp.dylib
0x000000000530d000 	/System/Library/Frameworks/OpenGL.framework/Versions/A/Libraries/libCoreFSCache.dylib
0x000000000530d000 	/System/Library/PrivateFrameworks/IOAccelerator.framework/Versions/A/IOAccelerator
0x000000000530d000 	/System/Library/Frameworks/CoreVideo.framework/Versions/A/CoreVideo
0x000000000530d000 	/usr/lib/libFosl_dynamic.dylib
0x000000000530d000 	/System/Library/PrivateFrameworks/MetalPerformanceShaders.framework/Versions/A/MetalPerformanceShaders
0x000000000530d000 	/System/Library/PrivateFrameworks/FaceCore.framework/Versions/A/FaceCore
0x000000000530d000 	/System/Library/Frameworks/OpenCL.framework/Versions/A/OpenCL
0x000000000530d000 	/System/Library/Frameworks/OpenGL.framework/Versions/A/Libraries/libGLU.dylib
0x000000000530d000 	/System/Library/Frameworks/OpenGL.framework/Versions/A/Libraries/libGFXShared.dylib
0x000000000530d000 	/System/Library/Frameworks/OpenGL.framework/Versions/A/Libraries/libGL.dylib
0x000000000530d000 	/System/Library/Frameworks/OpenGL.framework/Versions/A/Libraries/libGLImage.dylib
0x000000000530d000 	/System/Library/Frameworks/OpenGL.framework/Versions/A/Libraries/libCVMSPluginSupport.dylib
0x000000000530d000 	/System/Library/Frameworks/OpenGL.framework/Versions/A/Libraries/libCoreVMClient.dylib
0x000000000530d000 	/System/Library/PrivateFrameworks/CrashReporterSupport.framework/Versions/A/CrashReporterSupport
0x000000000530d000 	/System/Library/PrivateFrameworks/Sharing.framework/Versions/A/Sharing
0x000000000530d000 	/System/Library/PrivateFrameworks/IconServices.framework/Versions/A/IconServices
0x000000000530d000 	/System/Library/PrivateFrameworks/ProtocolBuffer.framework/Versions/A/ProtocolBuffer
0x000000000530d000 	/System/Library/PrivateFrameworks/Apple80211.framework/Versions/A/Apple80211
0x000000000530d000 	/System/Library/Frameworks/CoreWLAN.framework/Versions/A/CoreWLAN
0x000000000530d000 	/System/Library/PrivateFrameworks/CoreUtils.framework/Versions/A/CoreUtils
0x000000000530d000 	/System/Library/Frameworks/IOBluetooth.framework/Versions/A/IOBluetooth
0x000000000530d000 	/System/Library/PrivateFrameworks/CoreWiFi.framework/Versions/A/CoreWiFi
0x000000000530d000 	/System/Library/Frameworks/CoreBluetooth.framework/Versions/A/CoreBluetooth
0x000000000530d000 	/System/Library/Frameworks/CoreDisplay.framework/Versions/A/CoreDisplay
0x000000000530d000 	/System/Library/PrivateFrameworks/IOPresentment.framework/Versions/A/IOPresentment
0x000000000530d000 	/System/Library/PrivateFrameworks/DSExternalDisplay.framework/Versions/A/DSExternalDisplay
0x000000000530d000 	/System/Library/PrivateFrameworks/DebugSymbols.framework/Versions/A/DebugSymbols
0x000000000530d000 	/System/Library/PrivateFrameworks/CoreSymbolication.framework/Versions/A/CoreSymbolication
0x000000000530d000 	/System/Library/PrivateFrameworks/Symbolication.framework/Versions/A/Symbolication
0x000000000530d000 	/System/Library/PrivateFrameworks/AppleFSCompression.framework/Versions/A/AppleFSCompression
0x000000000530d000 	/System/Library/PrivateFrameworks/SpeechRecognitionCore.framework/Versions/A/SpeechRecognitionCore
0x000000000530d000 	/System/Library/PrivateFrameworks/ChunkingLibrary.framework/Versions/A/ChunkingLibrary
0x000000010a200000 	/Library/Java/JavaVirtualMachines/jdk1.8.0_77.jdk/Contents/Home/jre/lib/server/libjvm.dylib
0x000000000530d000 	/usr/lib/libstdc++.6.dylib
0x00000001090ec000 	/Library/Java/JavaVirtualMachines/jdk1.8.0_77.jdk/Contents/Home/jre/lib/libverify.dylib
0x00000001090fa000 	/Library/Java/JavaVirtualMachines/jdk1.8.0_77.jdk/Contents/Home/jre/lib/libjava.dylib
0x0000000109139000 	/Library/Java/JavaVirtualMachines/jdk1.8.0_77.jdk/Contents/Home/jre/lib/libzip.dylib
0x000000010f18c000 	/System/Library/Frameworks/JavaVM.framework/Frameworks/JavaRuntimeSupport.framework/JavaRuntimeSupport
0x000000010f1a6000 	/System/Library/Frameworks/JavaVM.framework/Versions/A/Frameworks/JavaNativeFoundation.framework/Versions/A/JavaNativeFoundation
0x000000010f1bb000 	/System/Library/Frameworks/JavaVM.framework/Versions/A/JavaVM
0x000000000530d000 	/System/Library/Frameworks/Carbon.framework/Versions/A/Carbon
0x000000010f1c8000 	/System/Library/PrivateFrameworks/JavaLaunching.framework/Versions/A/JavaLaunching
0x000000000530d000 	/System/Library/Frameworks/Carbon.framework/Versions/A/Frameworks/CommonPanels.framework/Versions/A/CommonPanels
0x000000000530d000 	/System/Library/Frameworks/Carbon.framework/Versions/A/Frameworks/Help.framework/Versions/A/Help
0x000000000530d000 	/System/Library/Frameworks/Carbon.framework/Versions/A/Frameworks/ImageCapture.framework/Versions/A/ImageCapture
0x000000000530d000 	/System/Library/Frameworks/Carbon.framework/Versions/A/Frameworks/OpenScripting.framework/Versions/A/OpenScripting
0x000000000530d000 	/System/Library/Frameworks/Carbon.framework/Versions/A/Frameworks/Print.framework/Versions/A/Print
0x000000000530d000 	/System/Library/Frameworks/Carbon.framework/Versions/A/Frameworks/SecurityHI.framework/Versions/A/SecurityHI
0x0000000110af6000 	/Library/Java/JavaVirtualMachines/jdk1.8.0_77.jdk/Contents/Home/jre/lib/libawt.dylib
0x0000000110b9e000 	/Library/Java/JavaVirtualMachines/jdk1.8.0_77.jdk/Contents/Home/jre/lib/./libmlib_image.dylib
0x0000000110c6a000 	/Library/Java/JavaVirtualMachines/jdk1.8.0_77.jdk/Contents/Home/jre/lib/libawt_lwawt.dylib
0x0000000110d1f000 	/Library/Java/JavaVirtualMachines/jdk1.8.0_77.jdk/Contents/Home/jre/lib/./libosxapp.dylib
0x000000000530d000 	/System/Library/Frameworks/ExceptionHandling.framework/Versions/A/ExceptionHandling
0x000000000530d000 	/System/Library/PrivateFrameworks/CoreServicesInternal.framework/Versions/A/CoreServicesInternal
0x000000000530d000 	/System/Library/CoreServices/RawCamera.bundle/Contents/MacOS/RawCamera
0x000000000530d000 	/System/Library/Frameworks/Accelerate.framework/Versions/A/Frameworks/vImage.framework/Versions/A/Libraries/libCGInterfaces.dylib
0x000000000530d000 	/System/Library/Frameworks/ApplicationServices.framework/Versions/A/Frameworks/ATS.framework/Versions/A/Resources/libTrueTypeScaler.dylib
0x0000000129f9b000 	/System/Library/Frameworks/OpenGL.framework/Resources/GLEngine.bundle/GLEngine
0x000000000530d000 	/System/Library/Frameworks/OpenGL.framework/Versions/A/Libraries/libGLProgrammability.dylib
0x000000012a180000 	/System/Library/Extensions/AppleIntelHD5000GraphicsGLDriver.bundle/Contents/MacOS/AppleIntelHD5000GraphicsGLDriver
0x000000000530d000 	/System/Library/PrivateFrameworks/GPUSupport.framework/Versions/A/Libraries/libGPUSupportMercury.dylib
0x000000000530d000 	/System/Library/Extensions/GeForceGLDriver.bundle/Contents/MacOS/GeForceGLDriver
0x000000000530d000 	/System/Library/Extensions/GeForceGLDriver.bundle/Contents/MacOS/libclh.dylib
0x0000000111e4b000 	/System/Library/Frameworks/OpenGL.framework/Resources//GLRendererFloat.bundle/GLRendererFloat
0x000000000530d000 	/System/Library/Frameworks/OpenCL.framework/Versions/A/Libraries/libcldcpuengine.dylib
0x000000000530d000 	/usr/lib/libcrypto.0.9.8.dylib
0x000000000530d000 	/System/Library/PrivateFrameworks/TrustEvaluationAgent.framework/Versions/A/TrustEvaluationAgent
0x000000000530d000 	/System/Library/Extensions/GeForceMTLDriver.bundle/Contents/MacOS/GeForceMTLDriver
0x000000011299c000 	/System/Library/Extensions/AppleIntelHD5000GraphicsMTLDriver.bundle/Contents/MacOS/AppleIntelHD5000GraphicsMTLDriver
0x000000000530d000 	/System/Library/PrivateFrameworks/FamilyControls.framework/Versions/A/FamilyControls
0x000000000530d000 	/System/Library/PrivateFrameworks/CommerceKit.framework/Versions/A/Frameworks/CommerceCore.framework/Versions/A/CommerceCore
0x000000000530d000 	/System/Library/PrivateFrameworks/SystemAdministration.framework/Versions/A/SystemAdministration
0x000000000530d000 	/System/Library/PrivateFrameworks/AppContainer.framework/Versions/A/AppContainer
0x000000000530d000 	/System/Library/PrivateFrameworks/SecCodeWrapper.framework/Versions/A/SecCodeWrapper
0x000000000530d000 	/System/Library/Frameworks/DirectoryService.framework/Versions/A/DirectoryService
0x000000000530d000 	/System/Library/PrivateFrameworks/DiskImages.framework/Versions/A/DiskImages
0x000000000530d000 	/System/Library/PrivateFrameworks/LoginUIKit.framework/Versions/A/Frameworks/LoginUICore.framework/Versions/A/LoginUICore
0x000000000530d000 	/usr/lib/libCoreStorage.dylib
0x000000000530d000 	/usr/lib/libcsfde.dylib
0x000000000530d000 	/usr/lib/libodfde.dylib
0x000000000530d000 	/System/Library/Frameworks/DiscRecording.framework/Versions/A/DiscRecording
0x000000000530d000 	/usr/lib/libcurl.4.dylib
0x000000000530d000 	/System/Library/PrivateFrameworks/MediaKit.framework/Versions/A/MediaKit
0x000000000530d000 	/System/Library/PrivateFrameworks/ProtectedCloudStorage.framework/Versions/A/ProtectedCloudStorage
0x000000000530d000 	/System/Library/PrivateFrameworks/EFILogin.framework/Versions/A/EFILogin
0x000000000530d000 	/usr/lib/libutil.dylib
0x000000000530d000 	/System/Library/Frameworks/LDAP.framework/Versions/A/LDAP
0x000000000530d000 	/usr/lib/libsasl2.2.dylib
0x000000000530d000 	/System/Library/PrivateFrameworks/CoreDaemon.framework/Versions/B/CoreDaemon
0x000000000530d000 	/System/Library/PrivateFrameworks/AppleSRP.framework/Versions/A/AppleSRP
0x000000000530d000 	/System/Library/PrivateFrameworks/APFS.framework/Versions/A/APFS
0x000000012c3e9000 	/Library/Java/JavaVirtualMachines/jdk1.8.0_77.jdk/Contents/Home/jre/lib/libfontmanager.dylib
0x000000012c450000 	/Library/Java/JavaVirtualMachines/jdk1.8.0_77.jdk/Contents/Home/jre/lib/libosxui.dylib
0x000000012d26c000 	/Library/Java/JavaVirtualMachines/jdk1.8.0_77.jdk/Contents/Home/jre/lib/libnet.dylib
0x000000012d2cb000 	/Library/Java/JavaVirtualMachines/jdk1.8.0_77.jdk/Contents/Home/jre/lib/libnio.dylib
0x000000000530d000 	/System/Library/PrivateFrameworks/ViewBridge.framework/Versions/A/ViewBridge
0x000000000530d000 	/System/Library/PrivateFrameworks/XPCService.framework/Versions/A/XPCService
0x000000000530d000 	/System/Library/PrivateFrameworks/AppSandbox.framework/Versions/A/AppSandbox
0x000000000530d000 	/usr/lib/libsandbox.1.dylib
0x000000000530d000 	/usr/lib/libMatch.1.dylib
0x000000012d2db000 	/private/var/folders/ry/7dp0qnvj2wv9rt03c0vbcgz80000gn/T/jogamp_0000/file_cache/jln4636549508959662925/jln6352516614363252386/natives/macosx-universal/libgluegen-rt.jnilib
0x000000012d35c000 	/private/var/folders/ry/7dp0qnvj2wv9rt03c0vbcgz80000gn/T/jogamp_0000/file_cache/jln4636549508959662925/jln6352516614363252386/natives/macosx-universal/libnativewindow_awt.jnilib
0x000000012d3a2000 	/Library/Java/JavaVirtualMachines/jdk1.8.0_77.jdk/Contents/Home/jre/lib/libjawt.dylib
0x000000012d3ec000 	/private/var/folders/ry/7dp0qnvj2wv9rt03c0vbcgz80000gn/T/jogamp_0000/file_cache/jln4636549508959662925/jln6352516614363252386/natives/macosx-universal/libnativewindow_macosx.jnilib
0x000000012d85b000 	/private/var/folders/ry/7dp0qnvj2wv9rt03c0vbcgz80000gn/T/jogamp_0000/file_cache/jln4636549508959662925/jln6352516614363252386/natives/macosx-universal/libjogl_desktop.jnilib
0x000000012d92f000 	/private/var/folders/ry/7dp0qnvj2wv9rt03c0vbcgz80000gn/T/jogamp_0000/file_cache/jln4636549508959662925/jln6352516614363252386/natives/macosx-universal/libjogl_mobile.jnilib
0x0000000129b83000 	/private/var/folders/ry/7dp0qnvj2wv9rt03c0vbcgz80000gn/T/libgdxAndrew/88cca866/libgdx-bullet64.dylib

VM Arguments:
jvm_args: -Dfile.encoding=UTF-8 
java_command: golf.Main
java_class_path (initial): /Library/Java/JavaVirtualMachines/jdk1.8.0_77.jdk/Contents/Home/jre/lib/resources.jar:/Library/Java/JavaVirtualMachines/jdk1.8.0_77.jdk/Contents/Home/jre/lib/rt.jar:/Library/Java/JavaVirtualMachines/jdk1.8.0_77.jdk/Contents/Home/jre/lib/jsse.jar:/Library/Java/JavaVirtualMachines/jdk1.8.0_77.jdk/Contents/Home/jre/lib/jce.jar:/Library/Java/JavaVirtualMachines/jdk1.8.0_77.jdk/Contents/Home/jre/lib/charsets.jar:/Library/Java/JavaVirtualMachines/jdk1.8.0_77.jdk/Contents/Home/jre/lib/jfr.jar:/Library/Java/JavaVirtualMachines/jdk1.8.0_77.jdk/Contents/Home/jre/lib/ext/cldrdata.jar:/Library/Java/JavaVirtualMachines/jdk1.8.0_77.jdk/Contents/Home/jre/lib/ext/dnsns.jar:/Library/Java/JavaVirtualMachines/jdk1.8.0_77.jdk/Contents/Home/jre/lib/ext/jaccess.jar:/Library/Java/JavaVirtualMachines/jdk1.8.0_77.jdk/Contents/Home/jre/lib/ext/jfxrt.jar:/Library/Java/JavaVirtualMachines/jdk1.8.0_77.jdk/Contents/Home/jre/lib/ext/localedata.jar:/Library/Java/JavaVirtualMachines/jdk1.8.0_77.jdk/Contents/Home/jre/lib/ext/nashorn.jar:/Library/Java/JavaVirtualMachines/jdk1.8.0_77.jdk/Contents/Home/jre/lib/ext/sunec.jar:/Library/Java/JavaVirtualMachines/jdk1.8.0_77.jdk/Contents/Home/jre/lib/ext/sunjce_provider.jar:/Library/Java/JavaVirtualMachines/jdk1.8.0_77.jdk/Contents/Home/jre/lib/ext/sunpkcs11.jar:/Library/Java/JavaVirtualMachines/jdk1.8.0_77.jdk/Contents/Home/jre/lib/ext/zipfs.jar:/System/Library/Java/Extensions/MRJToolkit.jar:/Users/Andrew/Github/MiniGolfProject/bin:/Users/Andrew/Desktop/Libs/java3d/j3dcore.jar:/Users/Andrew/Desktop/Libs/java3d/j3dutils.jar:/Users/Andrew/Desktop/Libs/java3d/jogamp-fat.jar:/Users/Andrew/Desktop/Libs/java3d/vecmath.jar:/Users/Andrew/Desktop/Libs/Bullet/gdx-bullet-natives.jar:/Users/Andrew/Desktop/Libs/Bullet/gdx-bullet.jar:/Users/Andrew/Desktop/Libs/Bullet/gdx-natives.jar:/Users/Andrew/Desktop/Libs/Bullet/gdx.jar
Launcher Type: SUN_STANDARD

Environment Variables:
PATH=/usr/bin:/bin:/usr/sbin:/sbin
SHELL=/bin/bash
DISPLAY=/private/tmp/com.apple.launchd.7WsVET5zC5/org.macosforge.xquartz:0

Signal Handlers:
SIGSEGV: [libjvm.dylib+0x5a6855], sa_mask[0]=11111111011111110111111111111111, sa_flags=SA_ONSTACK|SA_RESTART|SA_SIGINFO
SIGBUS: [libjvm.dylib+0x5a6855], sa_mask[0]=11111111011111110111111111111111, sa_flags=SA_RESTART|SA_SIGINFO
SIGFPE: [libjvm.dylib+0x4804ec], sa_mask[0]=11111111011111110111111111111111, sa_flags=SA_RESTART|SA_SIGINFO
SIGPIPE: [libjvm.dylib+0x4804ec], sa_mask[0]=11111111011111110111111111111111, sa_flags=SA_RESTART|SA_SIGINFO
SIGXFSZ: [libjvm.dylib+0x4804ec], sa_mask[0]=11111111011111110111111111111111, sa_flags=SA_RESTART|SA_SIGINFO
SIGILL: [libjvm.dylib+0x4804ec], sa_mask[0]=11111111011111110111111111111111, sa_flags=SA_RESTART|SA_SIGINFO
SIGUSR1: SIG_DFL, sa_mask[0]=00000000000000000000000000000000, sa_flags=none
SIGUSR2: [libjvm.dylib+0x48000a], sa_mask[0]=00100000000000000000000000000000, sa_flags=SA_RESTART|SA_SIGINFO
SIGHUP: [libjvm.dylib+0x47e5e1], sa_mask[0]=11111111011111110111111111111111, sa_flags=SA_RESTART|SA_SIGINFO
SIGINT: [libjvm.dylib+0x47e5e1], sa_mask[0]=11111111011111110111111111111111, sa_flags=SA_RESTART|SA_SIGINFO
SIGTERM: [libjvm.dylib+0x47e5e1], sa_mask[0]=11111111011111110111111111111111, sa_flags=SA_RESTART|SA_SIGINFO
SIGQUIT: [libjvm.dylib+0x47e5e1], sa_mask[0]=11111111011111110111111111111111, sa_flags=SA_RESTART|SA_SIGINFO


---------------  S Y S T E M  ---------------

OS:Bsduname:Darwin 16.7.0 Darwin Kernel Version 16.7.0: Tue Jan 30 11:27:06 PST 2018; root:xnu-3789.73.11~1/RELEASE_X86_64 x86_64
rlimit: STACK 8192k, CORE 0k, NPROC 709, NOFILE 10240, AS infinity
load average:1.91 1.69 1.73

CPU:total 8 (4 cores per cpu, 2 threads per core) family 6 model 70 stepping 1, cmov, cx8, fxsr, mmx, sse, sse2, sse3, ssse3, sse4.1, sse4.2, popcnt, avx, avx2, aes, clmul, erms, lzcnt, ht, tsc, tscinvbit, bmi1, bmi2

Memory: 4k page, physical 16777216k(1878280k free)

/proc/meminfo:


vm_info: Java HotSpot(TM) 64-Bit Server VM (25.77-b03) for bsd-amd64 JRE (1.8.0_77-b03), built on Mar 20 2016 22:14:03 by "java_re" with gcc 4.2.1 (Based on Apple Inc. build 5658) (LLVM build 2336.11.00)

time: Thu Apr 18 15:57:25 2019
elapsed time: 3 seconds (0d 0h 0m 3s)

